<?xml version="1.0" encoding="UTF-8"?>
<!-- Generated by org.testng.reporters.JUnitReportReporter -->
<testsuite skipped="0" hostname="LAPTOP-QDNN3GOQ" name="pageTest.LoginUsingAPI" tests="1" failures="0" timestamp="16 May 2021 17:21:13 GMT" time="40.396" errors="0">
  <testcase name="loginNewUser" time="40.396" classname="pageTest.LoginUsingAPI"/>
</testsuite> <!-- pageTest.LoginUsingAPI -->
