<?xml version="1.0" encoding="UTF-8"?>
<!-- Generated by org.testng.reporters.JUnitReportReporter -->
<testsuite skipped="0" hostname="LAPTOP-QDNN3GOQ" name="pageTest.RestAssuredLogin" tests="1" failures="0" timestamp="16 May 2021 12:32:27 GMT" time="4.546" errors="0">
  <testcase name="signUpPage" time="4.546" classname="pageTest.RestAssuredLogin"/>
</testsuite> <!-- pageTest.RestAssuredLogin -->
